[2020-05-27 10:21:17 #26131.4]	ERROR	php_swoole_server_rshutdown (ERRNO 503): Fatal error: Uncaught Error: Call to undefined function App\Model\data() in /home/ann/www/easyswoole/App/Model/Video.php:56
Stack trace:
#0 /home/ann/www/easyswoole/App/Lib/Cache/VideoCache.php(47): App\Model\Video->getVideoCacheData(1)
#1 /home/ann/www/easyswoole/EasySwooleEvent.php(36): App\Lib\Cache\VideoCache->setIndexVideo()
#2 {main}
  thrown in /home/ann/www/easyswoole/App/Model/Video.php on line 56
[2020-05-27 10:32:41 #26533.4]	WARNING	swTableColumn_add: unkown column type
[2020-05-27 10:32:41 #26533.4]	WARNING	swTableColumn_add: unkown column type
[2020-05-27 10:32:41 #26533.4]	WARNING	swTableColumn_add: unkown column type
[2020-05-27 10:32:41 #26533.4]	WARNING	swTableColumn_add: unkown column type
[2020-05-27 10:32:41 #26533.4]	WARNING	swTableColumn_add: unkown column type
[2020-05-27 10:32:41 #26533.4]	WARNING	swTableColumn_add: unkown column type
[2020-05-27 10:32:41 #26533.4]	WARNING	swTableColumn_add: unkown column type
[2020-05-27 10:32:41 #26533.4]	WARNING	swTableColumn_add: unkown column type
[2020-05-27 10:46:30 #26923.4]	ERROR	php_swoole_server_rshutdown (ERRNO 503): Fatal error: Uncaught RedisException: protocol error, got '3' as reply type byte
 in /home/ann/www/easyswoole/App/Lib/Redis/Redis.php:37
Stack trace:
#0 /home/ann/www/easyswoole/App/Lib/Redis/Redis.php(37): Redis->hSet('videoCache', '1', '{"lists":[{"id"...')
#1 /home/ann/www/easyswoole/App/Lib/Cache/VideoCache.php(94): App\Lib\Redis\Redis->__call('hset', Array)
#2 /home/ann/www/easyswoole/App/Lib/Cache/VideoCache.php(49): App\Lib\Cache\VideoCache->cacheRedis(Array, 1)
#3 /home/ann/www/easyswoole/EasySwooleEvent.php(36): App\Lib\Cache\VideoCache->setIndexVideo()
#4 {main}
  thrown in /home/ann/www/easyswoole/App/Lib/Redis/Redis.php on line 37
[2020-05-27 19:31:12 #32334.4]	ERROR	php_swoole_server_rshutdown (ERRNO 503): Fatal error: Uncaught Swoole\Error: Socket#40 has already been bound to another coroutine#2308, reading of the same socket in coroutine#2309 at the same time is not allowed in /home/ann/www/easyswoole/vendor/easyswoole/mysqli/src/Client.php:58
Stack trace:
#0 /home/ann/www/easyswoole/vendor/easyswoole/mysqli/src/Client.php(58): Swoole\Coroutine\MySQL->prepare('SELECT  id, nam...', 30)
#1 /home/ann/www/easyswoole/App/Model/Video.php(67): EasySwoole\Mysqli\Client->execBuilder()
#2 /home/ann/www/easyswoole/App/Lib/Cache/VideoCache.php(48): App\Model\Video->getVideoCacheData(1)
#3 /home/ann/www/easyswoole/EasySwooleEvent.php(36): App\Lib\Cache\VideoCache->setIndexVideo()
#4 {main}
  thrown in /home/ann/www/easyswoole/vendor/easyswoole/mysqli/src/Client.php on line 58
[2020-05-28 13:02:53 #10184.4]	ERROR	php_swoole_server_rshutdown (ERRNO 503): Fatal error: Uncaught Swoole\Error: Socket#39 has already been bound to another coroutine#10, reading of the same socket in coroutine#11 at the same time is not allowed in /home/ann/www/easyswoole/vendor/easyswoole/mysqli/src/Client.php:58
Stack trace:
#0 /home/ann/www/easyswoole/vendor/easyswoole/mysqli/src/Client.php(58): Swoole\Coroutine\MySQL->prepare('SELECT  id, nam...', 30)
#1 /home/ann/www/easyswoole/App/Model/Video.php(67): EasySwoole\Mysqli\Client->execBuilder()
#2 /home/ann/www/easyswoole/App/Lib/Cache/VideoCache.php(48): App\Model\Video->getVideoCacheData(1)
#3 /home/ann/www/easyswoole/EasySwooleEvent.php(38): App\Lib\Cache\VideoCache->setIndexVideo()
#4 {main}
  thrown in /home/ann/www/easyswoole/vendor/easyswoole/mysqli/src/Client.php on line 58
[2020-05-28 19:45:52 *13970.7]	NOTICE	swFactoryProcess_finish (ERRNO 1005): connection[fd=1] does not exists
